d:\sean\documents\medianfiltering\builds\visualstudio2015\debug\juce_audio_basics.obj
d:\sean\documents\medianfiltering\builds\visualstudio2015\debug\juce_audio_processors.obj
d:\sean\documents\medianfiltering\builds\visualstudio2015\debug\juce_gui_basics.obj
d:\sean\documents\medianfiltering\builds\visualstudio2015\debug\juce_audio_devices.obj
d:\sean\documents\medianfiltering\builds\visualstudio2015\debug\juce_cryptography.obj
d:\sean\documents\medianfiltering\builds\visualstudio2015\debug\juce_data_structures.obj
d:\sean\documents\medianfiltering\builds\visualstudio2015\debug\juce_graphics.obj
d:\sean\documents\medianfiltering\builds\visualstudio2015\debug\juce_video.obj
d:\sean\documents\medianfiltering\builds\visualstudio2015\debug\main.obj
d:\sean\documents\medianfiltering\builds\visualstudio2015\debug\juce_core.obj
d:\sean\documents\medianfiltering\builds\visualstudio2015\debug\juce_opengl.obj
d:\sean\documents\medianfiltering\builds\visualstudio2015\debug\juce_audio_formats.obj
d:\sean\documents\medianfiltering\builds\visualstudio2015\debug\juce_events.obj
d:\sean\documents\medianfiltering\builds\visualstudio2015\debug\juce_gui_extra.obj
d:\sean\documents\medianfiltering\builds\visualstudio2015\debug\vc140.pdb
d:\sean\documents\medianfiltering\builds\visualstudio2015\debug\vc140.idb
d:\sean\documents\medianfiltering\builds\visualstudio2015\debug\medianfiltering.ilk
d:\sean\documents\medianfiltering\builds\visualstudio2015\debug\medianfiltering.exe
d:\sean\documents\medianfiltering\builds\visualstudio2015\debug\medianfiltering.pdb
d:\sean\documents\medianfiltering\builds\visualstudio2015\debug\resources.res
d:\sean\documents\medianfiltering\builds\visualstudio2015\debug\medianfiltering.tlog\cl.command.1.tlog
d:\sean\documents\medianfiltering\builds\visualstudio2015\debug\medianfiltering.tlog\cl.read.1.tlog
d:\sean\documents\medianfiltering\builds\visualstudio2015\debug\medianfiltering.tlog\cl.write.1.tlog
d:\sean\documents\medianfiltering\builds\visualstudio2015\debug\medianfiltering.tlog\link.command.1.tlog
d:\sean\documents\medianfiltering\builds\visualstudio2015\debug\medianfiltering.tlog\link.read.1.tlog
d:\sean\documents\medianfiltering\builds\visualstudio2015\debug\medianfiltering.tlog\link.write.1.tlog
d:\sean\documents\medianfiltering\builds\visualstudio2015\debug\medianfiltering.tlog\rc.command.1.tlog
d:\sean\documents\medianfiltering\builds\visualstudio2015\debug\medianfiltering.tlog\rc.read.1.tlog
d:\sean\documents\medianfiltering\builds\visualstudio2015\debug\medianfiltering.tlog\rc.write.1.tlog
