Build started 24/11/2015 19:55:06.
     1>Project "D:\Sean\Documents\MedianFiltering\Builds\VisualStudio2015\MedianFiltering.vcxproj" on node 2 (Build target(s)).
     1>Link:
         C:\Program Files (x86)\Microsoft Visual Studio 14.0\VC\bin\link.exe /ERRORREPORT:PROMPT /OUT:"D:\Sean\Documents\MedianFiltering\Builds\VisualStudio2015\Debug\\MedianFiltering.exe" /NOLOGO kernel32.lib user32.lib gdi32.lib winspool.lib comdlg32.lib advapi32.lib shell32.lib ole32.lib oleaut32.lib uuid.lib odbc32.lib odbccp32.lib /NODEFAULTLIB:libcmt.lib /NODEFAULTLIB:msvcrt.lib /MANIFEST /MANIFESTUAC:"level='asInvoker' uiAccess='false'" /manifest:embed /Debug /PDB:"Debug\\MedianFiltering.pdb" /SUBSYSTEM:CONSOLE /LARGEADDRESSAWARE /TLBID:1 /DYNAMICBASE /NXCOMPAT /IMPLIB:"D:\Sean\Documents\MedianFiltering\Builds\VisualStudio2015\Debug\MedianFiltering.lib" /MACHINE:X86 /SAFESEH:NO Debug\resources.res
         Debug\\ISTFT.obj
         Debug\\STFT.obj
         Debug\\HarmonicPercussiveSeparator.obj
         Debug\\Main.obj
         Debug\\juce_audio_basics.obj
         Debug\\juce_audio_devices.obj
         Debug\\juce_audio_formats.obj
         Debug\\juce_audio_processors.obj
         Debug\\juce_core.obj
         Debug\\juce_cryptography.obj
         Debug\\juce_data_structures.obj
         Debug\\juce_events.obj
         Debug\\juce_graphics.obj
         Debug\\juce_gui_basics.obj
         Debug\\juce_gui_extra.obj
         MedianFiltering.vcxproj -> D:\Sean\Documents\MedianFiltering\Builds\VisualStudio2015\Debug\MedianFiltering.exe
     1>Done Building Project "D:\Sean\Documents\MedianFiltering\Builds\VisualStudio2015\MedianFiltering.vcxproj" (Build target(s)).

Build succeeded.

Time Elapsed 00:00:02.44
